0 info it worked if it ends with ok
1 verbose cli [ '/usr/local/Cellar/node/6.2.2/bin/node',
1 verbose cli   '/usr/local/bin/npm',
1 verbose cli   'start' ]
2 info using npm@3.9.5
3 info using node@v6.2.2
4 verbose run-script [ 'prestart', 'start', 'poststart' ]
5 info lifecycle your-bot@1.0.0~prestart: your-bot@1.0.0
6 silly lifecycle your-bot@1.0.0~prestart: no script for prestart, continuing
7 info lifecycle your-bot@1.0.0~start: your-bot@1.0.0
8 verbose lifecycle your-bot@1.0.0~start: unsafe-perm in lifecycle true
9 verbose lifecycle your-bot@1.0.0~start: PATH: /usr/local/lib/node_modules/npm/bin/node-gyp-bin:/Users/yasminefadel/WebstormProjects/FunBot/FunBot/node_modules/.bin:/usr/local/Cellar/node/6.2.2/bin:/usr/local/bin:/usr/bin:/bin:/usr/sbin:/sbin:/Users/yasminefadel/android-sdk-macosx/tools:/Users/yasminefadel/android-sdk-macosx/platform-tools
10 verbose lifecycle your-bot@1.0.0~start: CWD: /Users/yasminefadel/WebstormProjects/FunBot/FunBot
11 silly lifecycle your-bot@1.0.0~start: Args: [ '-c', 'bottr-cli start' ]
12 silly lifecycle your-bot@1.0.0~start: Returned: code: 1  signal: null
13 info lifecycle your-bot@1.0.0~start: Failed to exec start script
14 verbose stack Error: your-bot@1.0.0 start: `bottr-cli start`
14 verbose stack Exit status 1
14 verbose stack     at EventEmitter.<anonymous> (/usr/local/lib/node_modules/npm/lib/utils/lifecycle.js:245:16)
14 verbose stack     at emitTwo (events.js:106:13)
14 verbose stack     at EventEmitter.emit (events.js:191:7)
14 verbose stack     at ChildProcess.<anonymous> (/usr/local/lib/node_modules/npm/lib/utils/spawn.js:24:14)
14 verbose stack     at emitTwo (events.js:106:13)
14 verbose stack     at ChildProcess.emit (events.js:191:7)
14 verbose stack     at maybeClose (internal/child_process.js:852:16)
14 verbose stack     at Process.ChildProcess._handle.onexit (internal/child_process.js:215:5)
15 verbose pkgid your-bot@1.0.0
16 verbose cwd /Users/yasminefadel/WebstormProjects/FunBot/FunBot
17 error Darwin 15.6.0
18 error argv "/usr/local/Cellar/node/6.2.2/bin/node" "/usr/local/bin/npm" "start"
19 error node v6.2.2
20 error npm  v3.9.5
21 error code ELIFECYCLE
22 error your-bot@1.0.0 start: `bottr-cli start`
22 error Exit status 1
23 error Failed at the your-bot@1.0.0 start script 'bottr-cli start'.
23 error Make sure you have the latest version of node.js and npm installed.
23 error If you do, this is most likely a problem with the your-bot package,
23 error not with npm itself.
23 error Tell the author that this fails on your system:
23 error     bottr-cli start
23 error You can get information on how to open an issue for this project with:
23 error     npm bugs your-bot
23 error Or if that isn't available, you can get their info via:
23 error     npm owner ls your-bot
23 error There is likely additional logging output above.
24 verbose exit [ 1, true ]
